22:22:30.349 skipping bootstrap configuration: could not find or read file: karate-config.js, prefix: CLASSPATH
22:22:30.770 request:
1 > POST https://petstore.swagger.io/v2/pet
1 > Accept-Encoding: gzip,deflate
1 > Connection: Keep-Alive
1 > Content-Length: 140
1 > Content-Type: application/json; charset=UTF-8
1 > Host: petstore.swagger.io
1 > User-Agent: Apache-HttpClient/4.5.5 (Java/1.8.0_231)
{"id":5,"category":{"id":5,"name":"Prueba5"},"name":"Prueba5","photoUrls":["string"],"tags":[{"id":0,"name":"string"}],"status":"available"}

22:22:32.214 response time in milliseconds: 1443
1 < 200
1 < Access-Control-Allow-Headers: Content-Type, api_key, Authorization
1 < Access-Control-Allow-Methods: GET, POST, DELETE, PUT
1 < Access-Control-Allow-Origin: *
1 < Connection: keep-alive
1 < Content-Type: application/json
1 < Date: Thu, 19 Nov 2020 03:22:29 GMT
1 < Server: Jetty(9.2.9.v20150224)
1 < Transfer-Encoding: chunked
{"id":5,"category":{"id":5,"name":"Prueba5"},"name":"Prueba5","photoUrls":["string"],"tags":[{"id":0,"name":"string"}],"status":"available"}

22:22:32.228 skipping bootstrap configuration: could not find or read file: karate-config.js, prefix: CLASSPATH
22:22:32.231 request:
1 > GET https://petstore.swagger.io/v2/pet/5
1 > Accept-Encoding: gzip,deflate
1 > Connection: Keep-Alive
1 > Host: petstore.swagger.io
1 > User-Agent: Apache-HttpClient/4.5.5 (Java/1.8.0_231)

22:22:32.869 response time in milliseconds: 637
1 < 200
1 < Access-Control-Allow-Headers: Content-Type, api_key, Authorization
1 < Access-Control-Allow-Methods: GET, POST, DELETE, PUT
1 < Access-Control-Allow-Origin: *
1 < Connection: keep-alive
1 < Content-Type: application/json
1 < Date: Thu, 19 Nov 2020 03:22:29 GMT
1 < Server: Jetty(9.2.9.v20150224)
1 < Transfer-Encoding: chunked
{"id":5,"category":{"id":5,"name":"Prueba5"},"name":"Prueba5","photoUrls":["string"],"tags":[{"id":0,"name":"string"}],"status":"available"}

22:22:32.878 skipping bootstrap configuration: could not find or read file: karate-config.js, prefix: CLASSPATH
22:22:32.881 request:
1 > PUT https://petstore.swagger.io/v2/pet
1 > Accept-Encoding: gzip,deflate
1 > Connection: Keep-Alive
1 > Content-Length: 148
1 > Content-Type: application/json; charset=UTF-8
1 > Host: petstore.swagger.io
1 > User-Agent: Apache-HttpClient/4.5.5 (Java/1.8.0_231)
{"id":5,"category":{"id":5,"name":"PruebaModificar2"},"name":"doggie","photoUrls":["string"],"tags":[{"id":0,"name":"string"}],"status":"available"}

22:22:33.507 response time in milliseconds: 626
1 < 200
1 < Access-Control-Allow-Headers: Content-Type, api_key, Authorization
1 < Access-Control-Allow-Methods: GET, POST, DELETE, PUT
1 < Access-Control-Allow-Origin: *
1 < Connection: keep-alive
1 < Content-Type: application/json
1 < Date: Thu, 19 Nov 2020 03:22:30 GMT
1 < Server: Jetty(9.2.9.v20150224)
1 < Transfer-Encoding: chunked
{"id":5,"category":{"id":5,"name":"PruebaModificar2"},"name":"doggie","photoUrls":["string"],"tags":[{"id":0,"name":"string"}],"status":"available"}

0150224)
1 < Transfer-Encoding: chunked
{"id":5,"category":{"id":5,"name":"PruebaModificar2"},"name":"doggie","photoUrls":["string"],"tags":[{"id":0,"name":"string"}],"status":"available"}

> User-Agent: Apache-HttpClient/4.5.5 (Java/1.8.0_231)
{"id":5,"category":{"id":5,"name":"PruebaModificar2"},"name":"doggie","photoUrls":["string"],"tags":[{"id":0,"name":"string"}],"status":"available"}

22:02:21.123 response time in milliseconds: 572
1 < 200
1 < Access-Control-Allow-Headers: Content-Type, api_key, Authorization
1 < Access-Control-Allow-Methods: GET, POST, DELETE, PUT
1 < Access-Control-Allow-Origin: *
1 < Connection: keep-alive
1 < Content-Type: application/json
1 < Date: Thu, 19 Nov 2020 03:02:18 GMT
1 < Server: Jetty(9.2.9.v20150224)
1 < Transfer-Encoding: chunked
{"id":5,"category":{"id":5,"name":"PruebaModificar2"},"name":"doggie","photoUrls":["string"],"tags":[{"id":0,"name":"string"}],"status":"available"}

esponse>
21:47:05.900 skipping bootstrap configuration: could not find or read file: karate-config.js, prefix: CLASSPATH
21:47:05.904 request:
1 > GET https://petstore.swagger.io/v2/pet/prueba
1 > Accept-Encoding: gzip,deflate
1 > Connection: Keep-Alive
1 > Host: petstore.swagger.io
1 > User-Agent: Apache-HttpClient/4.5.5 (Java/1.8.0_231)

21:47:06.389 response time in milliseconds: 484
1 < 404
1 < Access-Control-Allow-Headers: Content-Type, api_key, Authorization
1 < Access-Control-Allow-Methods: GET, POST, DELETE, PUT
1 < Access-Control-Allow-Origin: *
1 < Connection: keep-alive
1 < Content-Type: application/json
1 < Date: Thu, 19 Nov 2020 02:47:03 GMT
1 < Server: Jetty(9.2.9.v20150224)
1 < Transfer-Encoding: chunked
{"code":404,"type":"unknown","message":"java.lang.NumberFormatException: For input string: \"prueba\""}

21:47:06.390 status code was: 404, expected: 200, response time: 484, url: https://petstore.swagger.io/v2/pet/prueba, response: {"code":404,"type":"unknown","message":"java.lang.NumberFormatException: For input string: \"prueba\""}
21:47:06.398 skipping bootstrap configuration: could not find or read file: karate-config.js, prefix: CLASSPATH
21:47:06.407 request:
1 > POST https://petstore.swagger.io/v2/pet
1 > Accept-Encoding: gzip,deflate
1 > Connection: Keep-Alive
1 > Content-Length: 139
1 > Content-Type: application/json; charset=UTF-8
1 > Host: petstore.swagger.io
1 > User-Agent: Apache-HttpClient/4.5.5 (Java/1.8.0_231)
{"id":5,"category":{"id":5,"name":"string"},"name":"Prueba5","photoUrls":["string"],"tags":[{"id":0,"name":"string"}],"status":"available"}

21:47:06.904 response time in milliseconds: 497
1 < 200
1 < Access-Control-Allow-Headers: Content-Type, api_key, Authorization
1 < Access-Control-Allow-Methods: GET, POST, DELETE, PUT
1 < Access-Control-Allow-Origin: *
1 < Connection: keep-alive
1 < Content-Type: application/json
1 < Date: Thu, 19 Nov 2020 02:47:04 GMT
1 < Server: Jetty(9.2.9.v20150224)
1 < Transfer-Encoding: chunked
{"id":5,"category":{"id":5,"name":"string"},"name":"Prueba5","photoUrls":["string"],"tags":[{"id":0,"name":"string"}],"status":"available"}

ble"}

21:44:18.003 response time in milliseconds: 972
1 < 200
1 < Access-Control-Allow-Headers: Content-Type, api_key, Authorization
1 < Access-Control-Allow-Methods: GET, POST, DELETE, PUT
1 < Access-Control-Allow-Origin: *
1 < Connection: keep-alive
1 < Content-Type: application/json
1 < Date: Thu, 19 Nov 2020 02:44:15 GMT
1 < Server: Jetty(9.2.9.v20150224)
1 < Transfer-Encoding: chunked
{"id":4,"category":{"id":4,"name":"string"},"name":"Prueba1","photoUrls":["string"],"tags":[{"id":0,"name":"string"}],"status":"available"}

